This is pdfTeX, Version 3.14159265-2.6-1.40.16 (TeX Live 2015/Debian) (preloaded format=pdflatex 2017.1.22)  8 APR 2017 22:16
entering extended mode
 restricted \write18 enabled.
 %&-line parsing enabled.
**design.tex
(./design.tex
LaTeX2e <2016/02/01>
Babel <3.9q> and hyphenation patterns for 81 language(s) loaded.
(/usr/share/texlive/texmf-dist/tex/latex/base/article.cls
Document Class: article 2014/09/29 v1.4h Standard LaTeX document class
(/usr/share/texlive/texmf-dist/tex/latex/base/size11.clo
File: size11.clo 2014/09/29 v1.4h Standard LaTeX file (size option)
)
\c@part=\count79
\c@section=\count80
\c@subsection=\count81
\c@subsubsection=\count82
\c@paragraph=\count83
\c@subparagraph=\count84
\c@figure=\count85
\c@table=\count86
\abovecaptionskip=\skip41
\belowcaptionskip=\skip42
\bibindent=\dimen102
)
(/usr/share/texlive/texmf-dist/tex/latex/comment/comment.sty
\CommentStream=\write3

Excluding comment 'comment')
(/usr/share/texlive/texmf-dist/tex/latex/lipsum/lipsum.sty
Package: lipsum 2014/07/27 v1.3 150 paragraphs of Lorem Ipsum dummy text
\c@lips@count=\count87
)
(/usr/share/texlive/texmf-dist/tex/latex/preprint/fullpage.sty
Package: fullpage 1999/02/23 1.1 (PWD)
\FP@margin=\skip43
)
(/usr/share/texlive/texmf-dist/tex/latex/amsmath/amsmath.sty
Package: amsmath 2016/03/03 v2.15a AMS math features
\@mathmargin=\skip44

For additional information on amsmath, use the `?' option.
(/usr/share/texlive/texmf-dist/tex/latex/amsmath/amstext.sty
Package: amstext 2000/06/29 v2.01 AMS text

(/usr/share/texlive/texmf-dist/tex/latex/amsmath/amsgen.sty
File: amsgen.sty 1999/11/30 v2.0 generic functions
\@emptytoks=\toks14
\ex@=\dimen103
))
(/usr/share/texlive/texmf-dist/tex/latex/amsmath/amsbsy.sty
Package: amsbsy 1999/11/29 v1.2d Bold Symbols
\pmbraise@=\dimen104
)
(/usr/share/texlive/texmf-dist/tex/latex/amsmath/amsopn.sty
Package: amsopn 1999/12/14 v2.01 operator names
)
\inf@bad=\count88
LaTeX Info: Redefining \frac on input line 199.
\uproot@=\count89
\leftroot@=\count90
LaTeX Info: Redefining \overline on input line 297.
\classnum@=\count91
\DOTSCASE@=\count92
LaTeX Info: Redefining \ldots on input line 394.
LaTeX Info: Redefining \dots on input line 397.
LaTeX Info: Redefining \cdots on input line 518.
\Mathstrutbox@=\box26
\strutbox@=\box27
\big@size=\dimen105
LaTeX Font Info:    Redeclaring font encoding OML on input line 630.
LaTeX Font Info:    Redeclaring font encoding OMS on input line 631.
\macc@depth=\count93
\c@MaxMatrixCols=\count94
\dotsspace@=\muskip10
\c@parentequation=\count95
\dspbrk@lvl=\count96
\tag@help=\toks15
\row@=\count97
\column@=\count98
\maxfields@=\count99
\andhelp@=\toks16
\eqnshift@=\dimen106
\alignsep@=\dimen107
\tagshift@=\dimen108
\tagwidth@=\dimen109
\totwidth@=\dimen110
\lineht@=\dimen111
\@envbody=\toks17
\multlinegap=\skip45
\multlinetaggap=\skip46
\mathdisplay@stack=\toks18
LaTeX Info: Redefining \[ on input line 2735.
LaTeX Info: Redefining \] on input line 2736.
) (./design.aux)
\openout1 = `design.aux'.

LaTeX Font Info:    Checking defaults for OML/cmm/m/it on input line 7.
LaTeX Font Info:    ... okay on input line 7.
LaTeX Font Info:    Checking defaults for T1/cmr/m/n on input line 7.
LaTeX Font Info:    ... okay on input line 7.
LaTeX Font Info:    Checking defaults for OT1/cmr/m/n on input line 7.
LaTeX Font Info:    ... okay on input line 7.
LaTeX Font Info:    Checking defaults for OMS/cmsy/m/n on input line 7.
LaTeX Font Info:    ... okay on input line 7.
LaTeX Font Info:    Checking defaults for OMX/cmex/m/n on input line 7.
LaTeX Font Info:    ... okay on input line 7.
LaTeX Font Info:    Checking defaults for U/cmr/m/n on input line 7.
LaTeX Font Info:    ... okay on input line 7.

Underfull \hbox (badness 10000) in paragraph at lines 9--14

 []


Underfull \hbox (badness 10000) in paragraph at lines 17--27

 []


Underfull \hbox (badness 10000) in paragraph at lines 17--27

 []


Overfull \hbox (12.90163pt too wide) in paragraph at lines 17--27
\OT1/cmr/m/n/10.95 en-cry-tion on the server is $\OML/cmm/m/it/10.95 client=E[]
\OT1/cmr/m/n/10.95 (\OML/cmm/m/it/10.95 filename\OT1/cmr/m/n/10.95 )\OML/cmm/m/
it/10.95 =keys \OT1/cmr/m/n/10.95 : []$ 
 []


Underfull \hbox (badness 10000) in paragraph at lines 17--27

 []


Underfull \hbox (badness 10000) in paragraph at lines 17--27

 []


Underfull \hbox (badness 10000) in paragraph at lines 17--27

 []


Underfull \hbox (badness 10000) in paragraph at lines 17--27

 []


Overfull \hbox (47.93623pt too wide) in paragraph at lines 31--33
\OML/cmm/m/it/10.95 client[]\OT1/cmr/m/n/10.95 2\OML/cmm/m/it/10.95 =E[]\OT1/cm
r/m/n/10.95 (\OML/cmm/m/it/10.95 original filename\OT1/cmr/m/n/10.95 )\OML/cmm/
m/it/10.95 =keys \OT1/cmr/m/n/10.95 : []$ 
 []


Overfull \hbox (26.24312pt too wide) in paragraph at lines 33--34
[]\OT1/cmr/m/n/10.95 Send the client 2 the key set $(\OML/cmm/m/it/10.95 k[]; k
[]\OT1/cmr/m/n/10.95 )$ and the en-crypted orig-i-nal file-name $\OML/cmm/m/it/
10.95 E[]\OT1/cmr/m/n/10.95 (\OML/cmm/m/it/10.95 original filename\OT1/cmr/m/n/
10.95 )$
 []


Overfull \hbox (25.30632pt too wide) in paragraph at lines 39--51
\OML/cmm/m/it/10.95 client[]\OT1/cmr/m/n/10.95 2\OML/cmm/m/it/10.95 =E[]\OT1/cm
r/m/n/10.95 (\OML/cmm/m/it/10.95 new filename\OT1/cmr/m/n/10.95 )\OML/cmm/m/it/
10.95 =keys \OT1/cmr/m/n/10.95 : \[\OML/cmm/m/it/10.95 POINTER\OT1/cmr/m/n/10.9
5 ] \OML/cmm/m/it/10.95 client[]\OT1/cmr/m/n/10.95 2\OML/cmm/m/it/10.95 =E[]\OT
1/cmr/m/n/10.95 (\OML/cmm/m/it/10.95 original filename\OT1/cmr/m/n/10.95 )\OML/
cmm/m/it/10.95 =keys\OT1/cmr/m/n/10.95 "$ 
 []


Underfull \hbox (badness 10000) in paragraph at lines 39--51

 []


Underfull \hbox (badness 10000) in paragraph at lines 39--51

 []


Underfull \hbox (badness 10000) in paragraph at lines 39--51

 []


Underfull \hbox (badness 10000) in paragraph at lines 39--51

 []

[1

{/var/lib/texmf/fonts/map/pdftex/updmap/pdftex.map}] [2] [3] (./design.aux) ) 
Here is how much of TeX's memory you used:
 1086 strings out of 493029
 12570 string characters out of 6136234
 173422 words of memory out of 5000000
 4668 multiletter control sequences out of 15000+600000
 8609 words of font info for 31 fonts, out of 8000000 for 9000
 1141 hyphenation exceptions out of 8191
 27i,7n,20p,589b,138s stack positions out of 5000i,500n,10000p,200000b,80000s
</
usr/share/texlive/texmf-dist/fonts/type1/public/amsfonts/cm/cmbx12.pfb></usr/sh
are/texlive/texmf-dist/fonts/type1/public/amsfonts/cm/cmex10.pfb></usr/share/te
xlive/texmf-dist/fonts/type1/public/amsfonts/cm/cmmi10.pfb></usr/share/texlive/
texmf-dist/fonts/type1/public/amsfonts/cm/cmmi6.pfb></usr/share/texlive/texmf-d
ist/fonts/type1/public/amsfonts/cm/cmmi8.pfb></usr/share/texlive/texmf-dist/fon
ts/type1/public/amsfonts/cm/cmr10.pfb></usr/share/texlive/texmf-dist/fonts/type
1/public/amsfonts/cm/cmr6.pfb></usr/share/texlive/texmf-dist/fonts/type1/public
/amsfonts/cm/cmsy10.pfb></usr/share/texlive/texmf-dist/fonts/type1/public/amsfo
nts/cm/cmsy6.pfb></usr/share/texlive/texmf-dist/fonts/type1/public/amsfonts/cm/
cmsy8.pfb></usr/share/texlive/texmf-dist/fonts/type1/public/amsfonts/cm/cmti10.
pfb>
Output written on design.pdf (3 pages, 120512 bytes).
PDF statistics:
 58 PDF objects out of 1000 (max. 8388607)
 41 compressed objects within 1 object stream
 0 named destinations out of 1000 (max. 500000)
 1 words of extra memory for PDF output out of 10000 (max. 10000000)

